[2017-12-01 16:50:45,963] INFO org.github.dragos.vscode.Main$ - Starting server in c:\Users\Hypnoes\Source\Repos\twaddle
[2017-12-01 16:50:45,963] INFO org.github.dragos.vscode.Main$ - Starting server in c:\Users\Hypnoes\Source\Repos\twaddle
[2017-12-01 16:50:45,992] INFO org.github.dragos.vscode.Main$ - Classpath: C:\Users\Hypnoes\.vscode\extensions\dragos.scala-lsp-0.2.2\coursier
[2017-12-01 16:50:45,992] INFO org.github.dragos.vscode.Main$ - Classpath: C:\Users\Hypnoes\.vscode\extensions\dragos.scala-lsp-0.2.2\coursier
[2017-12-01 16:50:46,097] DEBUG langserver.core.MessageReader - Received headers:
Content-Length: 1211
[2017-12-01 16:50:46,097] DEBUG langserver.core.MessageReader - Received headers:
Content-Length: 1211
[2017-12-01 16:50:46,137] DEBUG langserver.core.Connection - Received {"jsonrpc":"2.0","id":0,"method":"initialize","params":{"processId":17844,"rootPath":"c:\\Users\\Hypnoes\\Source\\Repos\\twaddle","rootUri":"file:///c%3A/Users/Hypnoes/Source/Repos/twaddle","capabilities":{"workspace":{"applyEdit":true,"didChangeConfiguration":{"dynamicRegistration":false},"didChangeWatchedFiles":{"dynamicRegistration":false},"symbol":{"dynamicRegistration":true},"executeCommand":{"dynamicRegistration":true}},"textDocument":{"synchronization":{"dynamicRegistration":true,"willSave":true,"willSaveWaitUntil":true,"didSave":true},"completion":{"dynamicRegistration":true,"completionItem":{"snippetSupport":true}},"hover":{"dynamicRegistration":true},"signatureHelp":{"dynamicRegistration":true},"references":{"dynamicRegistration":true},"documentHighlight":{"dynamicRegistration":true},"documentSymbol":{"dynamicRegistration":true},"formatting":{"dynamicRegistration":true},"rangeFormatting":{"dynamicRegistration":true},"onTypeFormatting":{"dynamicRegistration":true},"definition":{"dynamicRegistration":true},"codeAction":{"dynamicRegistration":true},"codeLens":{"dynamicRegistration":true},"documentLink":{"dynamicRegistration":true},"rename":{"dynamicRegistration":true}}},"trace":"off"}}
[2017-12-01 16:50:46,137] DEBUG langserver.core.Connection - Received {"jsonrpc":"2.0","id":0,"method":"initialize","params":{"processId":17844,"rootPath":"c:\\Users\\Hypnoes\\Source\\Repos\\twaddle","rootUri":"file:///c%3A/Users/Hypnoes/Source/Repos/twaddle","capabilities":{"workspace":{"applyEdit":true,"didChangeConfiguration":{"dynamicRegistration":false},"didChangeWatchedFiles":{"dynamicRegistration":false},"symbol":{"dynamicRegistration":true},"executeCommand":{"dynamicRegistration":true}},"textDocument":{"synchronization":{"dynamicRegistration":true,"willSave":true,"willSaveWaitUntil":true,"didSave":true},"completion":{"dynamicRegistration":true,"completionItem":{"snippetSupport":true}},"hover":{"dynamicRegistration":true},"signatureHelp":{"dynamicRegistration":true},"references":{"dynamicRegistration":true},"documentHighlight":{"dynamicRegistration":true},"documentSymbol":{"dynamicRegistration":true},"formatting":{"dynamicRegistration":true},"rangeFormatting":{"dynamicRegistration":true},"onTypeFormatting":{"dynamicRegistration":true},"definition":{"dynamicRegistration":true},"codeAction":{"dynamicRegistration":true},"codeLens":{"dynamicRegistration":true},"documentLink":{"dynamicRegistration":true},"rename":{"dynamicRegistration":true}}},"trace":"off"}}
[2017-12-01 16:50:46,559] INFO org.github.dragos.vscode.EnsimeLanguageServer - Initialized with 17844, c:\Users\Hypnoes\Source\Repos\twaddle, ClientCapabilities()
[2017-12-01 16:50:46,559] INFO org.github.dragos.vscode.EnsimeLanguageServer - Initialized with 17844, c:\Users\Hypnoes\Source\Repos\twaddle, ClientCapabilities()
[2017-12-01 16:50:46,562] DEBUG org.github.dragos.vscode.EnsimeLanguageServer - ensime.config = "C:/Users/Hypnoes/Source/Repos/twaddle/.ensime" 
[2017-12-01 16:50:46,562] DEBUG org.github.dragos.vscode.EnsimeLanguageServer - ensime.config = "C:/Users/Hypnoes/Source/Repos/twaddle/.ensime" 
[2017-12-01 16:50:47,458] INFO akka.event.slf4j.Slf4jLogger - Slf4jLogger started
[2017-12-01 16:50:48,207] WARN org.ensime.config.EnsimeConfigProtocol$ - RawFile(C:\Users\Hypnoes\Source\Repos\twaddle\target\scala-2.12\classes) does not exist, creating
[2017-12-01 16:50:48,207] WARN org.ensime.config.EnsimeConfigProtocol$ - RawFile(C:\Users\Hypnoes\Source\Repos\twaddle\src\main) does not exist, creating
[2017-12-01 16:50:48,223] WARN org.ensime.config.EnsimeConfigProtocol$ - RawFile(C:\Users\Hypnoes\Source\Repos\twaddle\target\scala-2.12\test-classes) does not exist, creating
[2017-12-01 16:50:48,223] WARN org.ensime.config.EnsimeConfigProtocol$ - RawFile(C:\Users\Hypnoes\Source\Repos\twaddle\src\test) does not exist, creating
[2017-12-01 16:50:48,228] INFO org.github.dragos.vscode.EnsimeLanguageServer - Using configuration: EnsimeConfig(RawFile(C:\Users\Hypnoes\Source\Repos\twaddle),RawFile(C:\Users\Hypnoes\Source\Repos\twaddle\.ensime_cache),RawFile(C:\Program Files\Java\jdk1.8.0_121),twaddle,2.12.3,List(-feature, -deprecation, -Xlint, -Ywarn-dead-code, -Ywarn-numeric-widen, -Xfuture, -Ymacro-expand:discard),List(RawFile(C:\Program Files\Java\jdk1.8.0_121\src.zip)),List(EnsimeProject(EnsimeProjectId(root,compile),List(),Set(RawFile(C:\Users\Hypnoes\Source\Repos\twaddle\src\main), RawFile(C:\Users\Hypnoes\Source\Repos\twaddle\target\scala-2.12\src_managed\main)),Set(RawFile(C:\Users\Hypnoes\Source\Repos\twaddle\target\scala-2.12\classes)),List(-feature, -deprecation, -Xlint, -Ywarn-dead-code, -Ywarn-numeric-widen, -Xfuture, -Ymacro-expand:discard),List(),List(RawFile(C:\Users\Hypnoes\.sbt\boot\scala-2.12.3\lib\scala-library.jar)),List(RawFile(C:\Users\Hypnoes\.ivy2\cache\org.scala-lang\scala-library\srcs\scala-library-2.12.3-sources.jar)),List(RawFile(C:\Users\Hypnoes\.ivy2\cache\org.scala-lang\scala-library\docs\scala-library-2.12.3-javadoc.jar), RawFile(C:\Users\Hypnoes\Source\Repos\twaddle\target\scala-2.12\twaddle_2.12-0.1-SNAPSHOT-javadoc.jar))), EnsimeProject(EnsimeProjectId(root,test),List(EnsimeProjectId(root,compile)),Set(RawFile(C:\Users\Hypnoes\Source\Repos\twaddle\src\test), RawFile(C:\Users\Hypnoes\Source\Repos\twaddle\target\scala-2.12\src_managed\test)),Set(RawFile(C:\Users\Hypnoes\Source\Repos\twaddle\target\scala-2.12\test-classes)),List(-feature, -deprecation, -Xlint, -Ywarn-dead-code, -Ywarn-numeric-widen, -Xfuture, -Ymacro-expand:discard),List(),List(),List(),List())))
[2017-12-01 16:50:48,228] INFO org.github.dragos.vscode.EnsimeLanguageServer - Using configuration: EnsimeConfig(RawFile(C:\Users\Hypnoes\Source\Repos\twaddle),RawFile(C:\Users\Hypnoes\Source\Repos\twaddle\.ensime_cache),RawFile(C:\Program Files\Java\jdk1.8.0_121),twaddle,2.12.3,List(-feature, -deprecation, -Xlint, -Ywarn-dead-code, -Ywarn-numeric-widen, -Xfuture, -Ymacro-expand:discard),List(RawFile(C:\Program Files\Java\jdk1.8.0_121\src.zip)),List(EnsimeProject(EnsimeProjectId(root,compile),List(),Set(RawFile(C:\Users\Hypnoes\Source\Repos\twaddle\src\main), RawFile(C:\Users\Hypnoes\Source\Repos\twaddle\target\scala-2.12\src_managed\main)),Set(RawFile(C:\Users\Hypnoes\Source\Repos\twaddle\target\scala-2.12\classes)),List(-feature, -deprecation, -Xlint, -Ywarn-dead-code, -Ywarn-numeric-widen, -Xfuture, -Ymacro-expand:discard),List(),List(RawFile(C:\Users\Hypnoes\.sbt\boot\scala-2.12.3\lib\scala-library.jar)),List(RawFile(C:\Users\Hypnoes\.ivy2\cache\org.scala-lang\scala-library\srcs\scala-library-2.12.3-sources.jar)),List(RawFile(C:\Users\Hypnoes\.ivy2\cache\org.scala-lang\scala-library\docs\scala-library-2.12.3-javadoc.jar), RawFile(C:\Users\Hypnoes\Source\Repos\twaddle\target\scala-2.12\twaddle_2.12-0.1-SNAPSHOT-javadoc.jar))), EnsimeProject(EnsimeProjectId(root,test),List(EnsimeProjectId(root,compile)),Set(RawFile(C:\Users\Hypnoes\Source\Repos\twaddle\src\test), RawFile(C:\Users\Hypnoes\Source\Repos\twaddle\target\scala-2.12\src_managed\test)),Set(RawFile(C:\Users\Hypnoes\Source\Repos\twaddle\target\scala-2.12\test-classes)),List(-feature, -deprecation, -Xlint, -Ywarn-dead-code, -Ywarn-numeric-widen, -Xfuture, -Ymacro-expand:discard),List(),List(),List(),List())))
[2017-12-01 16:50:48,235] INFO org.github.dragos.vscode.ensime.EnsimeActor - Starting problematic actor now
[2017-12-01 16:50:48,235] INFO org.github.dragos.vscode.ensime.EnsimeActor - Starting problematic actor now
[2017-12-01 16:50:48,238] INFO org.github.dragos.vscode.ensime.EnsimeActor - Created: Actor[akka://ENSIME/user/server/ensimeProject#1776041382]
[2017-12-01 16:50:48,238] INFO org.github.dragos.vscode.ensime.EnsimeActor - Created: Actor[akka://ENSIME/user/server/ensimeProject#1776041382]
[2017-12-01 16:50:48,261] DEBUG org.github.dragos.vscode.ensime.EnsimeProjectServer - Forwarding ConnectionInfoReq
[2017-12-01 16:50:48,261] DEBUG org.github.dragos.vscode.ensime.EnsimeProjectServer - Forwarding ConnectionInfoReq
[2017-12-01 16:50:48,281] INFO org.apache.commons.vfs2.impl.StandardFileSystemManager - Using "C:\Users\Hypnoes\AppData\Local\Temp\vfs_cache" as temporary files store.
[2017-12-01 16:50:48,373] DEBUG langserver.core.MessageWriter - Content-Length: 441



{"jsonrpc":"2.0","result":{"capabilities":{"textDocumentSync":1,"hoverProvider":true,"completionProvider":{"resolveProvider":false,"triggerCharacters":["."]},"definitionProvider":true,"referencesProvider":false,"documentHighlightProvider":false,"documentSymbolProvider":true,"workspaceSymbolProvider":false,"codeActionProvider":false,"documentFormattingProvider":false,"documentRangeFormattingProvider":false,"renameProvider":false}},"id":0}
[2017-12-01 16:50:48,373] DEBUG langserver.core.MessageWriter - Content-Length: 441



{"jsonrpc":"2.0","result":{"capabilities":{"textDocumentSync":1,"hoverProvider":true,"completionProvider":{"resolveProvider":false,"triggerCharacters":["."]},"definitionProvider":true,"referencesProvider":false,"documentHighlightProvider":false,"documentSymbolProvider":true,"workspaceSymbolProvider":false,"codeActionProvider":false,"documentFormattingProvider":false,"documentRangeFormattingProvider":false,"renameProvider":false}},"id":0}
[2017-12-01 16:50:48,374] DEBUG langserver.core.MessageWriter - payload: {"jsonrpc":"2.0","result":{"capabilities":{"textDocumentSync":1,"hoverProvider":true,"completionProvider":{"resolveProvider":false,"triggerCharacters":["."]},"definitionProvider":true,"referencesProvider":false,"documentHighlightProvider":false,"documentSymbolProvider":true,"workspaceSymbolProvider":false,"codeActionProvider":false,"documentFormattingProvider":false,"documentRangeFormattingProvider":false,"renameProvider":false}},"id":0}
[2017-12-01 16:50:48,374] DEBUG langserver.core.MessageWriter - payload: {"jsonrpc":"2.0","result":{"capabilities":{"textDocumentSync":1,"hoverProvider":true,"completionProvider":{"resolveProvider":false,"triggerCharacters":["."]},"definitionProvider":true,"referencesProvider":false,"documentHighlightProvider":false,"documentSymbolProvider":true,"workspaceSymbolProvider":false,"codeActionProvider":false,"documentFormattingProvider":false,"documentRangeFormattingProvider":false,"renameProvider":false}},"id":0}
[2017-12-01 16:50:48,377] DEBUG langserver.core.MessageReader - Received headers:
Content-Length: 52
[2017-12-01 16:50:48,377] DEBUG langserver.core.MessageReader - Received headers:
Content-Length: 52
[2017-12-01 16:50:48,378] DEBUG langserver.core.Connection - Received {"jsonrpc":"2.0","method":"initialized","params":{}}
[2017-12-01 16:50:48,378] DEBUG langserver.core.Connection - Received {"jsonrpc":"2.0","method":"initialized","params":{}}
[2017-12-01 16:50:48,503] ERROR org.github.dragos.vscode.EnsimeLanguageServer - Unknown notification Initialized()
[2017-12-01 16:50:48,503] ERROR org.github.dragos.vscode.EnsimeLanguageServer - Unknown notification Initialized()
[2017-12-01 16:50:49,939] INFO org.ensime.indexer.graph.GraphService - creating the graph database...
[2017-12-01 16:50:54,806] INFO org.ensime.indexer.graph.GraphService - ... created the graph database
[2017-12-01 16:50:54,923] INFO org.github.dragos.vscode.ensime.EnsimeProjectServer - Full typecheck complete event
[2017-12-01 16:50:54,923] INFO org.github.dragos.vscode.ensime.EnsimeProjectServer - Full typecheck complete event
[2017-12-01 16:50:54,920] INFO akka.actor.DeadLetterActorRef - Message [org.ensime.api.ConnectionInfo] from Actor[akka://ENSIME/user/server/ensimeProject/project#983830140] to Actor[akka://ENSIME/deadLetters] was not delivered. [1] dead letters encountered. This logging can be turned off or adjusted with configuration settings 'akka.log-dead-letters' and 'akka.log-dead-letters-during-shutdown'.
[2017-12-01 16:50:54,924] INFO org.github.dragos.vscode.EnsimeLanguageServer - Received 0 notes.
[2017-12-01 16:50:54,924] INFO org.github.dragos.vscode.EnsimeLanguageServer - Received 0 notes.
[2017-12-01 16:50:54,930] INFO org.github.dragos.vscode.ensime.EnsimeProjectServer - Analyzer is ready!
[2017-12-01 16:50:54,930] INFO org.github.dragos.vscode.ensime.EnsimeProjectServer - Analyzer is ready!
[2017-12-01 16:51:00,293] DEBUG org.github.dragos.vscode.ensime.EnsimeProjectServer - Forwarding SendBackgroundMessageEvent(Initializing Analyzer. Please wait...,105)
[2017-12-01 16:51:00,293] DEBUG org.github.dragos.vscode.ensime.EnsimeProjectServer - Forwarding SendBackgroundMessageEvent(Initializing Analyzer. Please wait...,105)
[2017-12-01 16:53:05,387] WARN org.ensime.core.Project - Refresh failed: com.orientechnologies.orient.core.exception.OStorageException: Invalid value of TX counter
	DB name="graph-2.0.4"
[2017-12-01 16:53:05,398] ERROR akka.dispatch.Dispatcher - Invalid value of TX counter
	DB name="graph-2.0.4"
com.orientechnologies.orient.core.exception.OStorageException: Invalid value of TX counter
	DB name="graph-2.0.4"
	at com.orientechnologies.orient.core.tx.OTransactionOptimistic.rollback(OTransactionOptimistic.java:118)
	at com.orientechnologies.orient.core.db.document.ODatabaseDocumentTx.commit(ODatabaseDocumentTx.java:2904)
	at com.orientechnologies.orient.core.db.document.ODatabaseDocumentTx.commit(ODatabaseDocumentTx.java:2860)
	at com.tinkerpop.blueprints.impls.orient.OrientBaseGraph.shutdown(OrientBaseGraph.java:1153)
	at com.tinkerpop.blueprints.impls.orient.OrientBaseGraph.shutdown(OrientBaseGraph.java:1139)
	at com.tinkerpop.blueprints.impls.orient.OrientBaseGraph.shutdown(OrientBaseGraph.java:1132)
	at org.ensime.indexer.orientdb.syntax.package$.withGraph(SimpleOrient.scala:166)
	at org.ensime.indexer.orientdb.syntax.package$.$anonfun$withGraphAsync$2(SimpleOrient.scala:176)
	at scala.concurrent.BlockContext$DefaultBlockContext$.blockOn(BlockContext.scala:53)
	at scala.concurrent.package$.blocking(package.scala:142)
	at org.ensime.indexer.orientdb.syntax.package$.$anonfun$withGraphAsync$1(SimpleOrient.scala:176)
	at scala.concurrent.Future$.$anonfun$apply$1(Future.scala:653)
	at scala.util.Success.$anonfun$map$1(Try.scala:251)
	at scala.util.Success.map(Try.scala:209)
	at scala.concurrent.Future.$anonfun$map$1(Future.scala:287)
	at scala.concurrent.impl.Promise.liftedTree1$1(Promise.scala:29)
	at scala.concurrent.impl.Promise.$anonfun$transform$1(Promise.scala:29)
	at scala.concurrent.impl.CallbackRunnable.run(Promise.scala:60)
	at java.util.concurrent.ThreadPoolExecutor.runWorker(Unknown Source)
	at java.util.concurrent.ThreadPoolExecutor$Worker.run(Unknown Source)
	at java.lang.Thread.run(Unknown Source)
