十二月 01, 2017 4:50:50 下午 com.orientechnologies.common.log.OLogManager log
信息: OrientDB auto-config DISKCACHE=683MB (heap=683MB direct=683MB os=16,268MB), assuming maximum direct memory size equals to maximum JVM heap size
十二月 01, 2017 4:50:50 下午 com.orientechnologies.common.log.OLogManager log
警告: MaxDirectMemorySize JVM option is not set or has invalid value, that may cause out of memory errors. Please set the -XX:MaxDirectMemorySize=16268m option when you start the JVM.
十二月 01, 2017 4:52:57 下午 com.orientechnologies.common.log.OLogManager log
严重: $ANSI{green {db=graph-2.0.4}} Exception `5492F723` in storage `graph-2.0.4`
java.lang.OutOfMemoryError: Java heap space
	at com.orientechnologies.orient.core.storage.impl.local.paginated.wal.OWALRecordsFactory.toStream(OWALRecordsFactory.java:38)
	at com.orientechnologies.orient.core.storage.impl.local.paginated.wal.ODiskWriteAheadLog.log(ODiskWriteAheadLog.java:464)
	at com.orientechnologies.orient.core.storage.impl.local.paginated.atomicoperations.OAtomicOperation.commitChanges(OAtomicOperation.java:399)
	at com.orientechnologies.orient.core.storage.impl.local.paginated.atomicoperations.OAtomicOperationsManager.endAtomicOperation(OAtomicOperationsManager.java:468)
	at com.orientechnologies.orient.core.storage.impl.local.OAbstractPaginatedStorage.endStorageTx(OAbstractPaginatedStorage.java:3663)
	at com.orientechnologies.orient.core.storage.impl.local.OAbstractPaginatedStorage.commit(OAbstractPaginatedStorage.java:1698)
	at com.orientechnologies.orient.core.tx.OTransactionOptimistic.doCommit(OTransactionOptimistic.java:541)
	at com.orientechnologies.orient.core.tx.OTransactionOptimistic.commit(OTransactionOptimistic.java:99)
	at com.orientechnologies.orient.core.db.document.ODatabaseDocumentTx.commit(ODatabaseDocumentTx.java:2891)
	at com.orientechnologies.orient.core.db.document.ODatabaseDocumentTx.commit(ODatabaseDocumentTx.java:2860)
	at com.tinkerpop.blueprints.impls.orient.OrientTransactionalGraph.commit(OrientTransactionalGraph.java:182)
	at org.ensime.indexer.graph.GraphService.$anonfun$persist$1(GraphService.scala:303)
	at org.ensime.indexer.graph.GraphService.$anonfun$persist$1$adapted(GraphService.scala:218)
	at org.ensime.indexer.graph.GraphService$$Lambda$1663/916825306.apply(Unknown Source)
	at org.ensime.indexer.orientdb.syntax.package$.withGraph(SimpleOrient.scala:165)
	at org.ensime.indexer.orientdb.syntax.package$.$anonfun$withGraphAsync$2(SimpleOrient.scala:176)
	at org.ensime.indexer.orientdb.syntax.package$$$Lambda$766/1714174424.apply(Unknown Source)
	at scala.concurrent.BlockContext$DefaultBlockContext$.blockOn(BlockContext.scala:53)
	at scala.concurrent.package$.blocking(package.scala:142)
	at org.ensime.indexer.orientdb.syntax.package$.$anonfun$withGraphAsync$1(SimpleOrient.scala:176)
	at org.ensime.indexer.orientdb.syntax.package$$$Lambda$759/638149333.apply(Unknown Source)
	at scala.concurrent.Future$.$anonfun$apply$1(Future.scala:653)
	at scala.concurrent.Future$$$Lambda$190/1555055322.apply(Unknown Source)
	at scala.util.Success.$anonfun$map$1(Try.scala:251)
	at scala.util.Success.map(Try.scala:209)
	at scala.concurrent.Future.$anonfun$map$1(Future.scala:287)
	at scala.concurrent.Future$$Lambda$191/1906128360.apply(Unknown Source)
	at scala.concurrent.impl.Promise.liftedTree1$1(Promise.scala:29)
	at scala.concurrent.impl.Promise.$anonfun$transform$1(Promise.scala:29)
	at scala.concurrent.impl.Promise$$Lambda$192/1935870377.apply(Unknown Source)
	at scala.concurrent.impl.CallbackRunnable.run(Promise.scala:60)
	at java.util.concurrent.ThreadPoolExecutor.runWorker(Unknown Source)

十二月 01, 2017 4:53:01 下午 com.orientechnologies.common.log.OLogManager log
严重: $ANSI{green {db=graph-2.0.4}} Error during context close for db null
com.orientechnologies.orient.core.exception.OStorageException: Invalid value of TX counter
	DB name="graph-2.0.4"
	at com.orientechnologies.orient.core.tx.OTransactionOptimistic.rollback(OTransactionOptimistic.java:118)
	at com.orientechnologies.orient.core.db.document.ODatabaseDocumentTx.commit(ODatabaseDocumentTx.java:2904)
	at com.orientechnologies.orient.core.db.document.ODatabaseDocumentTx.commit(ODatabaseDocumentTx.java:2860)
	at com.tinkerpop.blueprints.impls.orient.OrientBaseGraph.shutdown(OrientBaseGraph.java:1153)
	at com.tinkerpop.blueprints.impls.orient.OrientBaseGraph.shutdown(OrientBaseGraph.java:1139)
	at com.tinkerpop.blueprints.impls.orient.OrientBaseGraph.shutdown(OrientBaseGraph.java:1132)
	at org.ensime.indexer.orientdb.syntax.package$.withGraph(SimpleOrient.scala:166)
	at org.ensime.indexer.orientdb.syntax.package$.$anonfun$withGraphAsync$2(SimpleOrient.scala:176)
	at scala.concurrent.BlockContext$DefaultBlockContext$.blockOn(BlockContext.scala:53)
	at scala.concurrent.package$.blocking(package.scala:142)
	at org.ensime.indexer.orientdb.syntax.package$.$anonfun$withGraphAsync$1(SimpleOrient.scala:176)
	at scala.concurrent.Future$.$anonfun$apply$1(Future.scala:653)
	at scala.util.Success.$anonfun$map$1(Try.scala:251)
	at scala.util.Success.map(Try.scala:209)
	at scala.concurrent.Future.$anonfun$map$1(Future.scala:287)
	at scala.concurrent.impl.Promise.liftedTree1$1(Promise.scala:29)
	at scala.concurrent.impl.Promise.$anonfun$transform$1(Promise.scala:29)
	at scala.concurrent.impl.CallbackRunnable.run(Promise.scala:60)
	at java.util.concurrent.ThreadPoolExecutor.runWorker(Unknown Source)
	at java.util.concurrent.ThreadPoolExecutor$Worker.run(Unknown Source)
	at java.lang.Thread.run(Unknown Source)

十二月 01, 2017 4:53:01 下午 com.orientechnologies.common.log.OLogManager log
严重: $ANSI{green {db=graph-2.0.4}} Exception during commit of active transaction
com.orientechnologies.orient.core.exception.OStorageException: Invalid value of TX counter
	DB name="graph-2.0.4"
	at com.orientechnologies.orient.core.tx.OTransactionOptimistic.rollback(OTransactionOptimistic.java:118)
	at com.orientechnologies.orient.core.db.document.ODatabaseDocumentTx.commit(ODatabaseDocumentTx.java:2904)
	at com.orientechnologies.orient.core.db.document.ODatabaseDocumentTx.close(ODatabaseDocumentTx.java:1250)
	at com.orientechnologies.orient.core.db.OPartitionedDatabasePool$DatabaseDocumentTxPooled.close(OPartitionedDatabasePool.java:473)
	at com.tinkerpop.blueprints.impls.orient.OrientBaseGraph.shutdown(OrientBaseGraph.java:1167)
	at com.tinkerpop.blueprints.impls.orient.OrientBaseGraph.shutdown(OrientBaseGraph.java:1139)
	at com.tinkerpop.blueprints.impls.orient.OrientBaseGraph.shutdown(OrientBaseGraph.java:1132)
	at org.ensime.indexer.orientdb.syntax.package$.withGraph(SimpleOrient.scala:166)
	at org.ensime.indexer.orientdb.syntax.package$.$anonfun$withGraphAsync$2(SimpleOrient.scala:176)
	at scala.concurrent.BlockContext$DefaultBlockContext$.blockOn(BlockContext.scala:53)
	at scala.concurrent.package$.blocking(package.scala:142)
	at org.ensime.indexer.orientdb.syntax.package$.$anonfun$withGraphAsync$1(SimpleOrient.scala:176)
	at scala.concurrent.Future$.$anonfun$apply$1(Future.scala:653)
	at scala.util.Success.$anonfun$map$1(Try.scala:251)
	at scala.util.Success.map(Try.scala:209)
	at scala.concurrent.Future.$anonfun$map$1(Future.scala:287)
	at scala.concurrent.impl.Promise.liftedTree1$1(Promise.scala:29)
	at scala.concurrent.impl.Promise.$anonfun$transform$1(Promise.scala:29)
	at scala.concurrent.impl.CallbackRunnable.run(Promise.scala:60)
	at java.util.concurrent.ThreadPoolExecutor.runWorker(Unknown Source)
	at java.util.concurrent.ThreadPoolExecutor$Worker.run(Unknown Source)
	at java.lang.Thread.run(Unknown Source)

